SF:lib/main.dart
DA:5,0
DA:6,0
DA:10,2
DA:13,1
DA:15,1
DA:17,1
DA:18,1
DA:21,1
DA:22,1
LF:9
LH:7
end_of_record
SF:lib/conges/conges_bloc.dart
DA:13,3
DA:14,2
DA:15,2
DA:16,2
DA:17,2
DA:20,1
DA:24,1
DA:25,1
DA:26,1
DA:27,3
DA:28,1
DA:29,1
DA:34,1
DA:38,1
DA:39,1
DA:40,1
DA:41,1
DA:42,1
DA:43,1
DA:48,1
DA:50,1
DA:51,1
DA:52,1
DA:53,1
DA:54,1
DA:55,1
DA:60,1
DA:61,1
DA:62,1
DA:63,1
DA:64,2
DA:65,1
DA:66,1
DA:67,1
DA:69,1
DA:70,1
LF:36
LH:36
end_of_record
SF:lib/conges/conges_interactor.dart
DA:5,1
DA:6,1
DA:9,1
LF:3
LH:3
end_of_record
SF:lib/conges/conges_event.dart
DA:8,1
DA:12,1
DA:13,1
DA:17,1
DA:18,1
DA:22,1
DA:23,1
LF:7
LH:7
end_of_record
SF:lib/conges/conges_state.dart
DA:10,1
DA:22,1
DA:26,1
DA:27,1
LF:4
LH:4
end_of_record
SF:lib/conges/view/conges_page.dart
DA:8,1
DA:10,1
DA:12,1
DA:13,2
LF:4
LH:4
end_of_record
SF:lib/conges/view/conges_view.dart
DA:13,1
DA:15,1
DA:17,1
DA:18,1
DA:19,1
DA:20,1
DA:21,1
DA:22,1
DA:23,1
DA:25,2
DA:26,1
DA:27,1
DA:29,4
DA:30,4
DA:31,2
DA:32,1
DA:33,0
DA:36,2
DA:37,1
DA:44,1
DA:46,2
DA:48,1
DA:49,2
DA:50,1
DA:51,1
DA:53,4
DA:54,4
DA:55,2
DA:58,2
DA:59,1
DA:66,1
DA:68,2
DA:70,1
DA:71,2
DA:72,1
DA:73,1
DA:75,4
DA:76,4
DA:77,2
DA:80,2
DA:81,1
DA:88,1
DA:89,1
DA:90,3
DA:93,1
DA:95,1
DA:96,2
DA:97,5
DA:98,1
DA:99,1
LF:50
LH:49
end_of_record
